<?xml version="1.0" encoding="UTF-8"?>
<!-- Generated by org.testng.reporters.JUnitReportReporter -->
<testsuite hostname="Mithuns-Mac.domain.name" failures="0" tests="1" name="tests.LoginTest" time="14.056" errors="0" timestamp="2024-05-01T23:03:51 IST" skipped="0">
  <testcase classname="tests.LoginTest" name="verifyLoginWithCorrectCredentials" time="14.056"/>
  <system-out/>
</testsuite> <!-- tests.LoginTest -->
