<?xml version="1.0" encoding="UTF-8"?>
<!-- Generated by org.testng.reporters.JUnitReportReporter -->
<testsuite hostname="Mithuns-Mac.local" failures="0" tests="1" name="tests.LoginTest" time="18.513" errors="0" timestamp="2024-05-02T21:55:25 IST" skipped="0">
  <testcase classname="tests.LoginTest" name="verifyLoginWithCorrectCredentials" time="18.513"/>
  <system-out/>
</testsuite> <!-- tests.LoginTest -->
