<?xml version="1.0" encoding="UTF-8"?>
<!-- Generated by org.testng.reporters.JUnitReportReporter -->
<testsuite hostname="Mithuns-Mac.local" failures="0" tests="2" name="tests.HomePageTest" time="0.003" errors="0" timestamp="2024-04-26T22:54:43 IST" skipped="0">
  <testcase classname="tests.HomePageTest" name="homePageTest1" time="0.003"/>
  <system-out/>
  <testcase classname="tests.HomePageTest" name="homePageTest1" time="0.000"/>
  <system-out/>
</testsuite> <!-- tests.HomePageTest -->
