<?xml version="1.0" encoding="UTF-8"?>
<!-- Generated by org.testng.reporters.JUnitReportReporter -->
<testsuite hostname="Mithuns-Mac.domain.name" failures="0" tests="1" name="tests.LoginTest" time="10.621" errors="0" timestamp="2024-05-01T22:41:04 IST" skipped="0">
  <testcase classname="tests.LoginTest" name="verifyLoginWithCorrectCredentials" time="10.621"/>
  <system-out/>
</testsuite> <!-- tests.LoginTest -->
