<?xml version="1.0" encoding="UTF-8"?>
<!-- Generated by org.testng.reporters.JUnitReportReporter -->
<testsuite hostname="Mithuns-Mac.local" failures="0" tests="1" name="tests.UserMenuTest" time="92.565" errors="0" timestamp="2024-05-02T23:26:36 IST" skipped="0">
  <testcase classname="tests.UserMenuTest" name="verifyMyProfile_TC06" time="92.565"/>
  <system-out/>
</testsuite> <!-- tests.UserMenuTest -->
